# JRE version: OpenJDK Runtime Environment (11.0.10+9) (build 11.0.10+9-Ubuntu-0ubuntu1.18.04)
# Java VM: OpenJDK 64-Bit Server VM (11.0.10+9-Ubuntu-0ubuntu1.18.04, mixed mode, sharing, tiered, compressed oops, g1 gc, linux-amd64)
Heap:
 garbage-first heap   total 1110016K, used 163357K [0x0000000707a00000, 0x0000000800000000)
  region size 1024K, 13 young (13312K), 13 survivors (13312K)
 Metaspace       used 24721K, capacity 25532K, committed 26032K, reserved 1073152K
  class space    used 2583K, capacity 2955K, committed 3072K, reserved 1048576K
GC Heap History (20 events):
Event: 88,150 GC heap after
{Heap after GC invocations=81 (full 0):
 garbage-first heap   total 537600K, used 147948K [0x0000000707a00000, 0x0000000800000000)
  region size 1024K, 14 young (14336K), 14 survivors (14336K)
 Metaspace       used 24653K, capacity 25455K, committed 26032K, reserved 1073152K
  class space    used 2582K, capacity 2953K, committed 3072K, reserved 1048576K
}
Event: 89,359 GC heap before
{Heap before GC invocations=81 (full 0):
 garbage-first heap   total 537600K, used 510444K [0x0000000707a00000, 0x0000000800000000)
  region size 1024K, 315 young (322560K), 14 survivors (14336K)
 Metaspace       used 24659K, capacity 25519K, committed 26032K, reserved 1073152K
  class space    used 2582K, capacity 2953K, committed 3072K, reserved 1048576K
}
Event: 89,375 GC heap after
{Heap after GC invocations=82 (full 0):
 garbage-first heap   total 537600K, used 148326K [0x0000000707a00000, 0x0000000800000000)
  region size 1024K, 14 young (14336K), 14 survivors (14336K)
 Metaspace       used 24659K, capacity 25519K, committed 26032K, reserved 1073152K
  class space    used 2582K, capacity 2953K, committed 3072K, reserved 1048576K
}
Event: 90,094 GC heap before
{Heap before GC invocations=82 (full 0):
 garbage-first heap   total 537600K, used 512870K [0x0000000707a00000, 0x0000000800000000)
  region size 1024K, 315 young (322560K), 14 survivors (14336K)
 Metaspace       used 24669K, capacity 25519K, committed 26032K, reserved 1073152K
  class space    used 2582K, capacity 2953K, committed 3072K, reserved 1048576K
}
Event: 90,103 GC heap after
{Heap after GC invocations=83 (full 0):
 garbage-first heap   total 537600K, used 148848K [0x0000000707a00000, 0x0000000800000000)
  region size 1024K, 13 young (13312K), 13 survivors (13312K)
 Metaspace       used 24669K, capacity 25519K, committed 26032K, reserved 1073152K
  class space    used 2582K, capacity 2953K, committed 3072K, reserved 1048576K
}
Event: 92,022 GC heap before
{Heap before GC invocations=83 (full 0):
 garbage-first heap   total 537600K, used 513392K [0x0000000707a00000, 0x0000000800000000)
  region size 1024K, 315 young (322560K), 13 survivors (13312K)
 Metaspace       used 24676K, capacity 25525K, committed 26032K, reserved 1073152K
  class space    used 2583K, capacity 2955K, committed 3072K, reserved 1048576K
}
Event: 92,037 GC heap after
{Heap after GC invocations=84 (full 0):
 garbage-first heap   total 537600K, used 151557K [0x0000000707a00000, 0x0000000800000000)
  region size 1024K, 14 young (14336K), 14 survivors (14336K)
 Metaspace       used 24676K, capacity 25525K, committed 26032K, reserved 1073152K
  class space    used 2583K, capacity 2955K, committed 3072K, reserved 1048576K
}
Event: 92,514 GC heap before
{Heap before GC invocations=84 (full 0):
 garbage-first heap   total 537600K, used 460805K [0x0000000707a00000, 0x0000000800000000)
  region size 1024K, 315 young (322560K), 14 survivors (14336K)
 Metaspace       used 24685K, capacity 25531K, committed 26032K, reserved 1073152K
  class space    used 2583K, capacity 2955K, committed 3072K, reserved 1048576K
}
Event: 92,531 GC heap after
{Heap after GC invocations=85 (full 0):
 garbage-first heap   total 537600K, used 154887K [0x0000000707a00000, 0x0000000800000000)
  region size 1024K, 15 young (15360K), 15 survivors (15360K)
 Metaspace       used 24685K, capacity 25531K, committed 26032K, reserved 1073152K
  class space    used 2583K, capacity 2955K, committed 3072K, reserved 1048576K
}
Event: 94,749 GC heap before
{Heap before GC invocations=85 (full 0):
 garbage-first heap   total 537600K, used 517383K [0x0000000707a00000, 0x0000000800000000)
  region size 1024K, 315 young (322560K), 15 survivors (15360K)
 Metaspace       used 24697K, capacity 25532K, committed 26032K, reserved 1073152K
  class space    used 2583K, capacity 2955K, committed 3072K, reserved 1048576K
}
Event: 96,017 GC heap after
{Heap after GC invocations=86 (full 0):
 garbage-first heap   total 540672K, used 160154K [0x0000000707a00000, 0x0000000800000000)
  region size 1024K, 19 young (19456K), 19 survivors (19456K)
 Metaspace       used 24697K, capacity 25532K, committed 26032K, reserved 1073152K
  class space    used 2583K, capacity 2955K, committed 3072K, reserved 1048576K
}
Event: 96,557 GC heap before
{Heap before GC invocations=86 (full 0):
 garbage-first heap   total 540672K, used 519578K [0x0000000707a00000, 0x0000000800000000)
  region size 1024K, 316 young (323584K), 19 survivors (19456K)
 Metaspace       used 24706K, capacity 25532K, committed 26032K, reserved 1073152K
  class space    used 2583K, capacity 2955K, committed 3072K, reserved 1048576K
}
Event: 96,572 GC heap after
{Heap after GC invocations=87 (full 0):
 garbage-first heap   total 540672K, used 155915K [0x0000000707a00000, 0x0000000800000000)
  region size 1024K, 14 young (14336K), 14 survivors (14336K)
 Metaspace       used 24706K, capacity 25532K, committed 26032K, reserved 1073152K
  class space    used 2583K, capacity 2955K, committed 3072K, reserved 1048576K
}
Event: 98,275 GC heap before
{Heap before GC invocations=87 (full 0):
 garbage-first heap   total 540672K, used 523531K [0x0000000707a00000, 0x0000000800000000)
  region size 1024K, 316 young (323584K), 14 survivors (14336K)
 Metaspace       used 24707K, capacity 25532K, committed 26032K, reserved 1073152K
  class space    used 2583K, capacity 2955K, committed 3072K, reserved 1048576K
}
Event: 98,290 GC heap after
{Heap after GC invocations=88 (full 0):
 garbage-first heap   total 541696K, used 160013K [0x0000000707a00000, 0x0000000800000000)
  region size 1024K, 14 young (14336K), 14 survivors (14336K)
 Metaspace       used 24707K, capacity 25532K, committed 26032K, reserved 1073152K
  class space    used 2583K, capacity 2955K, committed 3072K, reserved 1048576K
}
Event: 99,629 GC heap before
{Heap before GC invocations=88 (full 0):
 garbage-first heap   total 541696K, used 472333K [0x0000000707a00000, 0x0000000800000000)
  region size 1024K, 317 young (324608K), 14 survivors (14336K)
 Metaspace       used 24720K, capacity 25532K, committed 26032K, reserved 1073152K
  class space    used 2583K, capacity 2955K, committed 3072K, reserved 1048576K
}
Event: 99,644 GC heap after
{Heap after GC invocations=89 (full 0):
 garbage-first heap   total 541696K, used 161742K [0x0000000707a00000, 0x0000000800000000)
  region size 1024K, 14 young (14336K), 14 survivors (14336K)
 Metaspace       used 24720K, capacity 25532K, committed 26032K, reserved 1073152K
  class space    used 2583K, capacity 2955K, committed 3072K, reserved 1048576K
}
Event: 100,142 GC heap before
{Heap before GC invocations=89 (full 0):
 garbage-first heap   total 541696K, used 533454K [0x0000000707a00000, 0x0000000800000000)
  region size 1024K, 316 young (323584K), 14 survivors (14336K)
 Metaspace       used 24721K, capacity 25532K, committed 26032K, reserved 1073152K
  class space    used 2583K, capacity 2955K, committed 3072K, reserved 1048576K
}
Event: 100,156 GC heap after
{Heap after GC invocations=90 (full 0):
 garbage-first heap   total 555008K, used 167066K [0x0000000707a00000, 0x0000000800000000)
  region size 1024K, 17 young (17408K), 17 survivors (17408K)
 Metaspace       used 24721K, capacity 25532K, committed 26032K, reserved 1073152K
  class space    used 2583K, capacity 2955K, committed 3072K, reserved 1048576K
}
Event: 103,130 GC heap before
{Heap before GC invocations=90 (full 0):
 garbage-first heap   total 555008K, used 533658K [0x0000000707a00000, 0x0000000800000000)
  region size 1024K, 321 young (328704K), 17 survivors (17408K)
 Metaspace       used 24721K, capacity 25532K, committed 26032K, reserved 1073152K
  class space    used 2583K, capacity 2955K, committed 3072K, reserved 1048576K
}

